c:\users\james\source\repos\learnopengl\x64\debug\vc142.pdb
c:\users\james\source\repos\learnopengl\x64\debug\vc142.idb
c:\users\james\source\repos\learnopengl\x64\debug\glad.obj
c:\users\james\source\repos\learnopengl\x64\debug\stb_image.obj
c:\users\james\source\repos\learnopengl\x64\debug\application.obj
c:\users\james\source\repos\learnopengl\x64\debug\lightingmain.obj
c:\users\james\source\repos\learnopengl\x64\debug\basicsmain.obj
c:\users\james\source\repos\learnopengl\x64\debug\learnopengl.exe
c:\users\james\source\repos\learnopengl\x64\debug\learnopengl.ilk
c:\users\james\source\repos\learnopengl\x64\debug\learnopengl.pdb
c:\users\james\source\repos\learnopengl\x64\debug\learnopengl.res
c:\users\james\source\repos\learnopengl\x64\debug\learnopengl.tlog\cl.command.1.tlog
c:\users\james\source\repos\learnopengl\x64\debug\learnopengl.tlog\cl.read.1.tlog
c:\users\james\source\repos\learnopengl\x64\debug\learnopengl.tlog\cl.write.1.tlog
c:\users\james\source\repos\learnopengl\x64\debug\learnopengl.tlog\link.command.1.tlog
c:\users\james\source\repos\learnopengl\x64\debug\learnopengl.tlog\link.read.1.tlog
c:\users\james\source\repos\learnopengl\x64\debug\learnopengl.tlog\link.write.1.tlog
c:\users\james\source\repos\learnopengl\x64\debug\learnopengl.tlog\rc.command.1.tlog
c:\users\james\source\repos\learnopengl\x64\debug\learnopengl.tlog\rc.read.1.tlog
c:\users\james\source\repos\learnopengl\x64\debug\learnopengl.tlog\rc.write.1.tlog
